<?xml version="1.0" encoding="UTF-8"?>
<coverage generated="1714498822660" clover="3.2.0">
  <project timestamp="1714498822660" name="All files">
    <metrics statements="47" coveredstatements="44" conditionals="17" coveredconditionals="16" methods="18" coveredmethods="17" elements="82" coveredelements="77" complexity="0" loc="47" ncloc="47" packages="2" files="4" classes="4"/>
    <package name="src">
      <metrics statements="17" coveredstatements="15" conditionals="2" coveredconditionals="2" methods="5" coveredmethods="5"/>
      <file name="App.js" path="E:\tic-tac-toe\src\App.js">
        <metrics statements="15" coveredstatements="15" conditionals="2" coveredconditionals="2" methods="5" coveredmethods="5"/>
        <line num="5" count="27" type="stmt"/>
        <line num="6" count="27" type="stmt"/>
        <line num="7" count="27" type="stmt"/>
        <line num="8" count="27" type="stmt"/>
        <line num="11" count="18" type="stmt"/>
        <line num="12" count="18" type="stmt"/>
        <line num="13" count="18" type="stmt"/>
        <line num="16" count="1" type="stmt"/>
        <line num="19" count="27" type="stmt"/>
        <line num="22" count="74" type="cond" truecount="2" falsecount="0"/>
        <line num="23" count="47" type="stmt"/>
        <line num="25" count="27" type="stmt"/>
        <line num="27" count="74" type="stmt"/>
        <line num="29" count="1" type="stmt"/>
        <line num="34" count="27" type="stmt"/>
      </file>
      <file name="index.js" path="E:\tic-tac-toe\src\index.js">
        <metrics statements="2" coveredstatements="0" conditionals="0" coveredconditionals="0" methods="0" coveredmethods="0"/>
        <line num="7" count="0" type="stmt"/>
        <line num="8" count="0" type="stmt"/>
      </file>
    </package>
    <package name="src.components">
      <metrics statements="30" coveredstatements="29" conditionals="15" coveredconditionals="14" methods="13" coveredmethods="12"/>
      <file name="Board.jsx" path="E:\tic-tac-toe\src\components\Board.jsx">
        <metrics statements="28" coveredstatements="27" conditionals="15" coveredconditionals="14" methods="12" coveredmethods="11"/>
        <line num="3" count="1" type="stmt"/>
        <line num="4" count="28" type="stmt"/>
        <line num="5" count="18" type="cond" truecount="3" falsecount="1"/>
        <line num="6" count="18" type="stmt"/>
        <line num="7" count="18" type="cond" truecount="2" falsecount="0"/>
        <line num="8" count="11" type="stmt"/>
        <line num="10" count="7" type="stmt"/>
        <line num="12" count="18" type="stmt"/>
        <line num="15" count="28" type="stmt"/>
        <line num="17" count="28" type="cond" truecount="2" falsecount="0"/>
        <line num="18" count="1" type="stmt"/>
        <line num="20" count="27" type="cond" truecount="2" falsecount="0"/>
        <line num="22" count="28" type="stmt"/>
        <line num="27" count="2" type="stmt"/>
        <line num="28" count="4" type="stmt"/>
        <line num="29" count="1" type="stmt"/>
        <line num="32" count="4" type="stmt"/>
        <line num="33" count="1" type="stmt"/>
        <line num="34" count="1" type="stmt"/>
        <line num="37" count="4" type="stmt"/>
        <line num="38" count="1" type="stmt"/>
        <line num="39" count="0" type="stmt"/>
        <line num="47" count="46" type="stmt"/>
        <line num="57" count="46" type="stmt"/>
        <line num="58" count="361" type="stmt"/>
        <line num="59" count="361" type="cond" truecount="5" falsecount="0"/>
        <line num="60" count="1" type="stmt"/>
        <line num="63" count="45" type="stmt"/>
      </file>
      <file name="Square.jsx" path="E:\tic-tac-toe\src\components\Square.jsx">
        <metrics statements="2" coveredstatements="2" conditionals="0" coveredconditionals="0" methods="1" coveredmethods="1"/>
        <line num="1" count="1" type="stmt"/>
        <line num="2" count="253" type="stmt"/>
      </file>
    </package>
  </project>
</coverage>
