{"E:\\tic-tac-toe\\src\\App.js": {"path":"E:\\tic-tac-toe\\src\\App.js","statementMap":{"0":{"start":{"line":5,"column":32},"end":{"line":5,"column":63}},"1":{"start":{"line":6,"column":40},"end":{"line":6,"column":51}},"2":{"start":{"line":7,"column":24},"end":{"line":7,"column":44}},"3":{"start":{"line":8,"column":18},"end":{"line":8,"column":39}},"4":{"start":{"line":11,"column":23},"end":{"line":11,"column":74}},"5":{"start":{"line":12,"column":4},"end":{"line":12,"column":27}},"6":{"start":{"line":13,"column":4},"end":{"line":13,"column":42}},"7":{"start":{"line":16,"column":4},"end":{"line":16,"column":29}},"8":{"start":{"line":19,"column":16},"end":{"line":32,"column":4}},"9":{"start":{"line":22,"column":4},"end":{"line":26,"column":5}},"10":{"start":{"line":23,"column":6},"end":{"line":23,"column":42}},"11":{"start":{"line":25,"column":6},"end":{"line":25,"column":34}},"12":{"start":{"line":27,"column":4},"end":{"line":31,"column":6}},"13":{"start":{"line":29,"column":31},"end":{"line":29,"column":43}},"14":{"start":{"line":34,"column":2},"end":{"line":47,"column":4}}},"fnMap":{"0":{"name":"Game","decl":{"start":{"line":4,"column":24},"end":{"line":4,"column":28}},"loc":{"start":{"line":4,"column":31},"end":{"line":48,"column":1}},"line":4},"1":{"name":"handlePlay","decl":{"start":{"line":10,"column":11},"end":{"line":10,"column":21}},"loc":{"start":{"line":10,"column":35},"end":{"line":14,"column":3}},"line":10},"2":{"name":"jumpTo","decl":{"start":{"line":15,"column":11},"end":{"line":15,"column":17}},"loc":{"start":{"line":15,"column":28},"end":{"line":17,"column":3}},"line":15},"3":{"name":"(anonymous_3)","decl":{"start":{"line":19,"column":28},"end":{"line":19,"column":29}},"loc":{"start":{"line":19,"column":47},"end":{"line":32,"column":3}},"line":19},"4":{"name":"(anonymous_4)","decl":{"start":{"line":29,"column":25},"end":{"line":29,"column":26}},"loc":{"start":{"line":29,"column":31},"end":{"line":29,"column":43}},"line":29}},"branchMap":{"0":{"loc":{"start":{"line":22,"column":4},"end":{"line":26,"column":5}},"type":"if","locations":[{"start":{"line":22,"column":4},"end":{"line":26,"column":5}},{"start":{"line":24,"column":11},"end":{"line":26,"column":5}}],"line":22}},"s":{"0":26,"1":26,"2":26,"3":26,"4":18,"5":18,"6":18,"7":1,"8":26,"9":73,"10":47,"11":26,"12":73,"13":1,"14":26},"f":{"0":26,"1":18,"2":1,"3":73,"4":1},"b":{"0":[47,26]},"_coverageSchema":"1a1c01bbd47fc00a2c39e90264f33305004495a9","hash":"18f1bc1d71a09157fb327de8a0c2bcf117407052"}
,"E:\\tic-tac-toe\\src\\index.js": {"path":"E:\\tic-tac-toe\\src\\index.js","statementMap":{"0":{"start":{"line":7,"column":13},"end":{"line":7,"column":56}},"1":{"start":{"line":8,"column":0},"end":{"line":12,"column":2}}},"fnMap":{},"branchMap":{},"s":{"0":0,"1":0},"f":{},"b":{}}
,"E:\\tic-tac-toe\\src\\components\\Board.jsx": {"path":"E:\\tic-tac-toe\\src\\components\\Board.jsx","statementMap":{"0":{"start":{"line":3,"column":21},"end":{"line":44,"column":1}},"1":{"start":{"line":4,"column":22},"end":{"line":13,"column":3}},"2":{"start":{"line":5,"column":4},"end":{"line":5,"column":55}},"3":{"start":{"line":5,"column":48},"end":{"line":5,"column":55}},"4":{"start":{"line":6,"column":24},"end":{"line":6,"column":36}},"5":{"start":{"line":7,"column":4},"end":{"line":11,"column":5}},"6":{"start":{"line":8,"column":6},"end":{"line":8,"column":27}},"7":{"start":{"line":10,"column":6},"end":{"line":10,"column":27}},"8":{"start":{"line":12,"column":4},"end":{"line":12,"column":24}},"9":{"start":{"line":15,"column":17},"end":{"line":15,"column":41}},"10":{"start":{"line":17,"column":2},"end":{"line":21,"column":3}},"11":{"start":{"line":18,"column":4},"end":{"line":18,"column":32}},"12":{"start":{"line":20,"column":4},"end":{"line":20,"column":54}},"13":{"start":{"line":22,"column":2},"end":{"line":43,"column":4}},"14":{"start":{"line":27,"column":58},"end":{"line":27,"column":72}},"15":{"start":{"line":28,"column":58},"end":{"line":28,"column":72}},"16":{"start":{"line":29,"column":58},"end":{"line":29,"column":72}},"17":{"start":{"line":32,"column":58},"end":{"line":32,"column":72}},"18":{"start":{"line":33,"column":58},"end":{"line":33,"column":72}},"19":{"start":{"line":34,"column":58},"end":{"line":34,"column":72}},"20":{"start":{"line":37,"column":58},"end":{"line":37,"column":72}},"21":{"start":{"line":38,"column":58},"end":{"line":38,"column":72}},"22":{"start":{"line":39,"column":58},"end":{"line":39,"column":72}},"23":{"start":{"line":47,"column":16},"end":{"line":56,"column":3}},"24":{"start":{"line":57,"column":2},"end":{"line":62,"column":3}},"25":{"start":{"line":57,"column":15},"end":{"line":57,"column":16}},"26":{"start":{"line":58,"column":22},"end":{"line":58,"column":30}},"27":{"start":{"line":59,"column":4},"end":{"line":61,"column":5}},"28":{"start":{"line":60,"column":6},"end":{"line":60,"column":24}},"29":{"start":{"line":63,"column":2},"end":{"line":63,"column":14}}},"fnMap":{"0":{"name":"(anonymous_0)","decl":{"start":{"line":3,"column":21},"end":{"line":3,"column":22}},"loc":{"start":{"line":3,"column":55},"end":{"line":44,"column":1}},"line":3},"1":{"name":"(anonymous_1)","decl":{"start":{"line":4,"column":22},"end":{"line":4,"column":23}},"loc":{"start":{"line":4,"column":29},"end":{"line":13,"column":3}},"line":4},"2":{"name":"(anonymous_2)","decl":{"start":{"line":27,"column":52},"end":{"line":27,"column":53}},"loc":{"start":{"line":27,"column":58},"end":{"line":27,"column":72}},"line":27},"3":{"name":"(anonymous_3)","decl":{"start":{"line":28,"column":52},"end":{"line":28,"column":53}},"loc":{"start":{"line":28,"column":58},"end":{"line":28,"column":72}},"line":28},"4":{"name":"(anonymous_4)","decl":{"start":{"line":29,"column":52},"end":{"line":29,"column":53}},"loc":{"start":{"line":29,"column":58},"end":{"line":29,"column":72}},"line":29},"5":{"name":"(anonymous_5)","decl":{"start":{"line":32,"column":52},"end":{"line":32,"column":53}},"loc":{"start":{"line":32,"column":58},"end":{"line":32,"column":72}},"line":32},"6":{"name":"(anonymous_6)","decl":{"start":{"line":33,"column":52},"end":{"line":33,"column":53}},"loc":{"start":{"line":33,"column":58},"end":{"line":33,"column":72}},"line":33},"7":{"name":"(anonymous_7)","decl":{"start":{"line":34,"column":52},"end":{"line":34,"column":53}},"loc":{"start":{"line":34,"column":58},"end":{"line":34,"column":72}},"line":34},"8":{"name":"(anonymous_8)","decl":{"start":{"line":37,"column":52},"end":{"line":37,"column":53}},"loc":{"start":{"line":37,"column":58},"end":{"line":37,"column":72}},"line":37},"9":{"name":"(anonymous_9)","decl":{"start":{"line":38,"column":52},"end":{"line":38,"column":53}},"loc":{"start":{"line":38,"column":58},"end":{"line":38,"column":72}},"line":38},"10":{"name":"(anonymous_10)","decl":{"start":{"line":39,"column":52},"end":{"line":39,"column":53}},"loc":{"start":{"line":39,"column":58},"end":{"line":39,"column":72}},"line":39},"11":{"name":"calculateWinner","decl":{"start":{"line":46,"column":9},"end":{"line":46,"column":24}},"loc":{"start":{"line":46,"column":34},"end":{"line":64,"column":1}},"line":46}},"branchMap":{"0":{"loc":{"start":{"line":5,"column":4},"end":{"line":5,"column":55}},"type":"if","locations":[{"start":{"line":5,"column":4},"end":{"line":5,"column":55}},{"start":{},"end":{}}],"line":5},"1":{"loc":{"start":{"line":5,"column":8},"end":{"line":5,"column":46}},"type":"binary-expr","locations":[{"start":{"line":5,"column":8},"end":{"line":5,"column":32}},{"start":{"line":5,"column":36},"end":{"line":5,"column":46}}],"line":5},"2":{"loc":{"start":{"line":7,"column":4},"end":{"line":11,"column":5}},"type":"if","locations":[{"start":{"line":7,"column":4},"end":{"line":11,"column":5}},{"start":{"line":9,"column":11},"end":{"line":11,"column":5}}],"line":7},"3":{"loc":{"start":{"line":17,"column":2},"end":{"line":21,"column":3}},"type":"if","locations":[{"start":{"line":17,"column":2},"end":{"line":21,"column":3}},{"start":{"line":19,"column":9},"end":{"line":21,"column":3}}],"line":17},"4":{"loc":{"start":{"line":20,"column":33},"end":{"line":20,"column":52}},"type":"cond-expr","locations":[{"start":{"line":20,"column":43},"end":{"line":20,"column":46}},{"start":{"line":20,"column":49},"end":{"line":20,"column":52}}],"line":20},"5":{"loc":{"start":{"line":59,"column":4},"end":{"line":61,"column":5}},"type":"if","locations":[{"start":{"line":59,"column":4},"end":{"line":61,"column":5}},{"start":{},"end":{}}],"line":59},"6":{"loc":{"start":{"line":59,"column":8},"end":{"line":59,"column":76}},"type":"binary-expr","locations":[{"start":{"line":59,"column":8},"end":{"line":59,"column":18}},{"start":{"line":59,"column":22},"end":{"line":59,"column":47}},{"start":{"line":59,"column":51},"end":{"line":59,"column":76}}],"line":59}},"s":{"0":1,"1":27,"2":18,"3":0,"4":18,"5":18,"6":11,"7":7,"8":18,"9":27,"10":27,"11":1,"12":26,"13":27,"14":2,"15":4,"16":1,"17":4,"18":1,"19":1,"20":4,"21":1,"22":0,"23":45,"24":45,"25":45,"26":353,"27":353,"28":1,"29":44},"f":{"0":27,"1":18,"2":2,"3":4,"4":1,"5":4,"6":1,"7":1,"8":4,"9":1,"10":0,"11":45},"b":{"0":[0,18],"1":[18,18],"2":[11,7],"3":[1,26],"4":[15,11],"5":[1,352],"6":[353,90,9]},"_coverageSchema":"1a1c01bbd47fc00a2c39e90264f33305004495a9","hash":"be02ec5f64bb614215476e2c71c94d1b5bbde58d"}
,"E:\\tic-tac-toe\\src\\components\\Square.jsx": {"path":"E:\\tic-tac-toe\\src\\components\\Square.jsx","statementMap":{"0":{"start":{"line":1,"column":22},"end":{"line":7,"column":1}},"1":{"start":{"line":2,"column":2},"end":{"line":6,"column":4}}},"fnMap":{"0":{"name":"(anonymous_0)","decl":{"start":{"line":1,"column":22},"end":{"line":1,"column":23}},"loc":{"start":{"line":1,"column":52},"end":{"line":7,"column":1}},"line":1}},"branchMap":{},"s":{"0":1,"1":244},"f":{"0":244},"b":{},"_coverageSchema":"1a1c01bbd47fc00a2c39e90264f33305004495a9","hash":"2cbbbc833a4abad5ff46004d2804b971fc5d0ef9"}
}
