TN:
SF:src\App.js
FN:4,Game
FN:10,handlePlay
FN:15,jumpTo
FN:19,(anonymous_3)
FN:29,(anonymous_4)
FNF:5
FNH:5
FNDA:27,Game
FNDA:18,handlePlay
FNDA:1,jumpTo
FNDA:74,(anonymous_3)
FNDA:1,(anonymous_4)
DA:5,27
DA:6,27
DA:7,27
DA:8,27
DA:11,18
DA:12,18
DA:13,18
DA:16,1
DA:19,27
DA:22,74
DA:23,47
DA:25,27
DA:27,74
DA:29,1
DA:34,27
LF:15
LH:15
BRDA:22,0,0,47
BRDA:22,0,1,27
BRF:2
BRH:2
end_of_record
TN:
SF:src\index.js
FNF:0
FNH:0
DA:7,0
DA:8,0
LF:2
LH:0
BRF:0
BRH:0
end_of_record
TN:
SF:src\components\Board.jsx
FN:3,(anonymous_0)
FN:4,(anonymous_1)
FN:27,(anonymous_2)
FN:28,(anonymous_3)
FN:29,(anonymous_4)
FN:32,(anonymous_5)
FN:33,(anonymous_6)
FN:34,(anonymous_7)
FN:37,(anonymous_8)
FN:38,(anonymous_9)
FN:39,(anonymous_10)
FN:46,calculateWinner
FNF:12
FNH:11
FNDA:28,(anonymous_0)
FNDA:18,(anonymous_1)
FNDA:2,(anonymous_2)
FNDA:4,(anonymous_3)
FNDA:1,(anonymous_4)
FNDA:4,(anonymous_5)
FNDA:1,(anonymous_6)
FNDA:1,(anonymous_7)
FNDA:4,(anonymous_8)
FNDA:1,(anonymous_9)
FNDA:0,(anonymous_10)
FNDA:46,calculateWinner
DA:3,1
DA:4,28
DA:5,18
DA:6,18
DA:7,18
DA:8,11
DA:10,7
DA:12,18
DA:15,28
DA:17,28
DA:18,1
DA:20,27
DA:22,28
DA:27,2
DA:28,4
DA:29,1
DA:32,4
DA:33,1
DA:34,1
DA:37,4
DA:38,1
DA:39,0
DA:47,46
DA:57,46
DA:58,361
DA:59,361
DA:60,1
DA:63,45
LF:28
LH:27
BRDA:5,0,0,0
BRDA:5,0,1,18
BRDA:5,1,0,18
BRDA:5,1,1,18
BRDA:7,2,0,11
BRDA:7,2,1,7
BRDA:17,3,0,1
BRDA:17,3,1,27
BRDA:20,4,0,16
BRDA:20,4,1,11
BRDA:59,5,0,1
BRDA:59,5,1,360
BRDA:59,6,0,361
BRDA:59,6,1,90
BRDA:59,6,2,9
BRF:15
BRH:14
end_of_record
TN:
SF:src\components\Square.jsx
FN:1,(anonymous_0)
FNF:1
FNH:1
FNDA:253,(anonymous_0)
DA:1,1
DA:2,253
LF:2
LH:2
BRF:0
BRH:0
end_of_record
